2018-12-09 21:45:15,979 INFO [org.springframework.context.support.ClassPathXmlApplicationContext] - Refreshing org.springframework.context.support.ClassPathXmlApplicationContext@483bf400: startup date [Sun Dec 09 21:45:15 CST 2018]; root of context hierarchy
2018-12-09 21:45:16,212 INFO [org.springframework.beans.factory.xml.XmlBeanDefinitionReader] - Loading XML bean definitions from class path resource [applicationContext.xml]
2018-12-09 21:45:17,962 INFO [cn.mldn.test.TestMessage] - www.xiaoxian.com
2018-12-09 21:54:01,638 INFO [org.springframework.context.support.ClassPathXmlApplicationContext] - Refreshing org.springframework.context.support.ClassPathXmlApplicationContext@25618e91: startup date [Sun Dec 09 21:54:01 CST 2018]; root of context hierarchy
2018-12-09 21:54:01,916 INFO [org.springframework.beans.factory.xml.XmlBeanDefinitionReader] - Loading XML bean definitions from class path resource [applicationContext.xml]
2018-12-09 21:54:03,246 WARN [org.springframework.context.support.ClassPathXmlApplicationContext] - Exception encountered during context initialization - cancelling refresh attempt: org.springframework.beans.factory.BeanCreationException: Error creating bean with name 'dept' defined in class path resource [applicationContext.xml]: Could not resolve matching constructor (hint: specify index/type/name arguments for simple parameters to avoid type ambiguities)
2018-12-09 21:55:19,609 INFO [org.springframework.context.support.ClassPathXmlApplicationContext] - Refreshing org.springframework.context.support.ClassPathXmlApplicationContext@25618e91: startup date [Sun Dec 09 21:55:19 CST 2018]; root of context hierarchy
2018-12-09 21:55:19,853 INFO [org.springframework.beans.factory.xml.XmlBeanDefinitionReader] - Loading XML bean definitions from class path resource [applicationContext.xml]
2018-12-09 21:55:58,218 INFO [org.springframework.context.support.ClassPathXmlApplicationContext] - Refreshing org.springframework.context.support.ClassPathXmlApplicationContext@25618e91: startup date [Sun Dec 09 21:55:58 CST 2018]; root of context hierarchy
2018-12-09 21:55:58,655 INFO [org.springframework.beans.factory.xml.XmlBeanDefinitionReader] - Loading XML bean definitions from class path resource [applicationContext.xml]
2018-12-09 21:56:00,091 INFO [cn.mldn.test.TestMessage] - Dept [deptno=0, dname=xiaoxian, loc=深圳]
2018-12-09 22:01:14,209 INFO [org.springframework.context.support.ClassPathXmlApplicationContext] - Refreshing org.springframework.context.support.ClassPathXmlApplicationContext@25618e91: startup date [Sun Dec 09 22:01:14 CST 2018]; root of context hierarchy
2018-12-09 22:01:14,417 INFO [org.springframework.beans.factory.xml.XmlBeanDefinitionReader] - Loading XML bean definitions from class path resource [applicationContext.xml]
2018-12-09 22:01:15,447 WARN [org.springframework.context.support.ClassPathXmlApplicationContext] - Exception encountered during context initialization - cancelling refresh attempt: org.springframework.beans.factory.BeanCreationException: Error creating bean with name 'dept' defined in class path resource [applicationContext.xml]: Error setting property values; nested exception is org.springframework.beans.NotWritablePropertyException: Invalid property 'lod' of bean class [cn.mldn.vo.Dept]: Bean property 'lod' is not writable or has an invalid setter method. Did you mean 'loc'?
2018-12-09 22:02:06,889 INFO [org.springframework.context.support.ClassPathXmlApplicationContext] - Refreshing org.springframework.context.support.ClassPathXmlApplicationContext@25618e91: startup date [Sun Dec 09 22:02:06 CST 2018]; root of context hierarchy
2018-12-09 22:02:07,216 INFO [org.springframework.beans.factory.xml.XmlBeanDefinitionReader] - Loading XML bean definitions from class path resource [applicationContext.xml]
2018-12-09 22:02:08,494 WARN [org.springframework.context.support.ClassPathXmlApplicationContext] - Exception encountered during context initialization - cancelling refresh attempt: org.springframework.beans.factory.BeanCreationException: Error creating bean with name 'dept' defined in class path resource [applicationContext.xml]: Error setting property values; nested exception is org.springframework.beans.NotWritablePropertyException: Invalid property 'lod' of bean class [cn.mldn.vo.Dept]: Bean property 'lod' is not writable or has an invalid setter method. Did you mean 'loc'?
2018-12-09 22:02:40,390 INFO [org.springframework.context.support.ClassPathXmlApplicationContext] - Refreshing org.springframework.context.support.ClassPathXmlApplicationContext@25618e91: startup date [Sun Dec 09 22:02:40 CST 2018]; root of context hierarchy
2018-12-09 22:02:40,639 INFO [org.springframework.beans.factory.xml.XmlBeanDefinitionReader] - Loading XML bean definitions from class path resource [applicationContext.xml]
2018-12-09 22:02:42,066 INFO [cn.mldn.test.TestMessage] - Dept [deptno=10, dname=开发一部, loc=深圳]
2018-12-09 22:10:46,363 INFO [org.springframework.context.support.ClassPathXmlApplicationContext] - Refreshing org.springframework.context.support.ClassPathXmlApplicationContext@25618e91: startup date [Sun Dec 09 22:10:46 CST 2018]; root of context hierarchy
2018-12-09 22:10:46,608 INFO [org.springframework.beans.factory.xml.XmlBeanDefinitionReader] - Loading XML bean definitions from class path resource [applicationContext.xml]
2018-12-09 22:11:06,729 INFO [org.springframework.context.support.ClassPathXmlApplicationContext] - Refreshing org.springframework.context.support.ClassPathXmlApplicationContext@25618e91: startup date [Sun Dec 09 22:11:06 CST 2018]; root of context hierarchy
2018-12-09 22:11:06,969 INFO [org.springframework.beans.factory.xml.XmlBeanDefinitionReader] - Loading XML bean definitions from class path resource [applicationContext.xml]
2018-12-09 22:11:08,340 INFO [cn.mldn.test.TestMessage] - Emp [empno=7369, ename=Smith, sal=680.0, dept=Dept [deptno=10, dname=开发一部, loc=深圳]]
2018-12-11 23:00:18,485 INFO [org.springframework.context.support.ClassPathXmlApplicationContext] - Refreshing org.springframework.context.support.ClassPathXmlApplicationContext@25618e91: startup date [Tue Dec 11 23:00:18 CST 2018]; root of context hierarchy
2018-12-11 23:00:18,685 INFO [org.springframework.beans.factory.xml.XmlBeanDefinitionReader] - Loading XML bean definitions from class path resource [applicationContext.xml]
2018-12-11 23:00:19,223 INFO [cn.mldn.test.TestMessage] - Emp [empno=100, ename=xiaoxian, sal=230.0, dept=Dept [deptno=10, dname=开发一部, loc=深圳]]
2018-12-11 23:10:59,999 INFO [org.springframework.context.support.ClassPathXmlApplicationContext] - Refreshing org.springframework.context.support.ClassPathXmlApplicationContext@25618e91: startup date [Tue Dec 11 23:10:59 CST 2018]; root of context hierarchy
2018-12-11 23:11:00,257 INFO [org.springframework.beans.factory.xml.XmlBeanDefinitionReader] - Loading XML bean definitions from class path resource [applicationContext.xml]
2018-12-11 23:11:01,560 WARN [org.springframework.context.support.ClassPathXmlApplicationContext] - Exception encountered during context initialization - cancelling refresh attempt: org.springframework.beans.factory.BeanCreationException: Error creating bean with name 'emp' defined in class path resource [applicationContext.xml]: Cannot resolve reference to bean 'dept' while setting bean property 'dept'; nested exception is org.springframework.beans.factory.BeanCreationException: Error creating bean with name 'dept' defined in class path resource [applicationContext.xml]: Error setting property values; nested exception is org.springframework.beans.NotWritablePropertyException: Invalid property 'groups' of bean class [cn.mldn.vo.Dept]: Bean property 'groups' is not writable or has an invalid setter method. Does the parameter type of the setter match the return type of the getter?
2018-12-11 23:12:13,832 INFO [org.springframework.context.support.ClassPathXmlApplicationContext] - Refreshing org.springframework.context.support.ClassPathXmlApplicationContext@25618e91: startup date [Tue Dec 11 23:12:13 CST 2018]; root of context hierarchy
2018-12-11 23:12:13,971 INFO [org.springframework.beans.factory.xml.XmlBeanDefinitionReader] - Loading XML bean definitions from class path resource [applicationContext.xml]
2018-12-11 23:12:15,258 WARN [org.springframework.context.support.ClassPathXmlApplicationContext] - Exception encountered during context initialization - cancelling refresh attempt: org.springframework.beans.factory.BeanCreationException: Error creating bean with name 'emp' defined in class path resource [applicationContext.xml]: Cannot resolve reference to bean 'dept' while setting bean property 'dept'; nested exception is org.springframework.beans.factory.BeanCreationException: Error creating bean with name 'dept' defined in class path resource [applicationContext.xml]: Error setting property values; nested exception is org.springframework.beans.NotWritablePropertyException: Invalid property 'groups' of bean class [cn.mldn.vo.Dept]: Bean property 'groups' is not writable or has an invalid setter method. Does the parameter type of the setter match the return type of the getter?
2018-12-11 23:12:58,078 INFO [org.springframework.context.support.ClassPathXmlApplicationContext] - Refreshing org.springframework.context.support.ClassPathXmlApplicationContext@25618e91: startup date [Tue Dec 11 23:12:58 CST 2018]; root of context hierarchy
2018-12-11 23:12:58,361 INFO [org.springframework.beans.factory.xml.XmlBeanDefinitionReader] - Loading XML bean definitions from class path resource [applicationContext.xml]
2018-12-11 23:12:59,706 WARN [org.springframework.context.support.ClassPathXmlApplicationContext] - Exception encountered during context initialization - cancelling refresh attempt: org.springframework.beans.factory.BeanCreationException: Error creating bean with name 'emp' defined in class path resource [applicationContext.xml]: Initialization of bean failed; nested exception is org.springframework.beans.ConversionNotSupportedException: Failed to convert property value of type 'cn.xiaoxian.vo.Dept' to required type 'cn.mldn.vo.Dept' for property 'dept'; nested exception is java.lang.IllegalStateException: Cannot convert value of type 'cn.xiaoxian.vo.Dept' to required type 'cn.mldn.vo.Dept' for property 'dept': no matching editors or conversion strategy found
2018-12-11 23:15:06,254 INFO [org.springframework.context.support.ClassPathXmlApplicationContext] - Refreshing org.springframework.context.support.ClassPathXmlApplicationContext@25618e91: startup date [Tue Dec 11 23:15:06 CST 2018]; root of context hierarchy
2018-12-11 23:15:06,477 INFO [org.springframework.beans.factory.xml.XmlBeanDefinitionReader] - Loading XML bean definitions from class path resource [applicationContext.xml]
2018-12-11 23:15:07,592 WARN [org.springframework.context.support.ClassPathXmlApplicationContext] - Exception encountered during context initialization - cancelling refresh attempt: org.springframework.beans.factory.BeanCreationException: Error creating bean with name 'emp' defined in class path resource [applicationContext.xml]: Initialization of bean failed; nested exception is org.springframework.beans.ConversionNotSupportedException: Failed to convert property value of type 'cn.xiaoxian.vo.Dept' to required type 'cn.mldn.vo.Dept' for property 'dept'; nested exception is java.lang.IllegalStateException: Cannot convert value of type 'cn.xiaoxian.vo.Dept' to required type 'cn.mldn.vo.Dept' for property 'dept': no matching editors or conversion strategy found
2018-12-11 23:16:25,674 INFO [org.springframework.context.support.ClassPathXmlApplicationContext] - Refreshing org.springframework.context.support.ClassPathXmlApplicationContext@25618e91: startup date [Tue Dec 11 23:16:25 CST 2018]; root of context hierarchy
2018-12-11 23:16:25,897 INFO [org.springframework.beans.factory.xml.XmlBeanDefinitionReader] - Loading XML bean definitions from class path resource [applicationContext.xml]
2018-12-11 23:16:27,040 WARN [org.springframework.context.support.ClassPathXmlApplicationContext] - Exception encountered during context initialization - cancelling refresh attempt: org.springframework.beans.factory.CannotLoadBeanClassException: Cannot find class [cn.mldn.vo.Emp] for bean with name 'emp' defined in class path resource [applicationContext.xml]; nested exception is java.lang.ClassNotFoundException: cn.mldn.vo.Emp
2018-12-11 23:17:11,913 INFO [org.springframework.context.support.ClassPathXmlApplicationContext] - Refreshing org.springframework.context.support.ClassPathXmlApplicationContext@25618e91: startup date [Tue Dec 11 23:17:11 CST 2018]; root of context hierarchy
2018-12-11 23:17:12,142 INFO [org.springframework.beans.factory.xml.XmlBeanDefinitionReader] - Loading XML bean definitions from class path resource [applicationContext.xml]
2018-12-11 23:17:13,524 INFO [cn.mldn.test.TestMessage] - Dept [deptno=10, dname=开发一部, loc=深圳, groups=[ERP项目组, CRM项目组]]
2018-12-11 23:18:03,901 INFO [org.springframework.context.support.ClassPathXmlApplicationContext] - Refreshing org.springframework.context.support.ClassPathXmlApplicationContext@25618e91: startup date [Tue Dec 11 23:18:03 CST 2018]; root of context hierarchy
2018-12-11 23:18:04,175 INFO [org.springframework.beans.factory.xml.XmlBeanDefinitionReader] - Loading XML bean definitions from class path resource [applicationContext.xml]
2018-12-11 23:18:05,774 INFO [cn.mldn.test.TestMessage] - Dept [deptno=10, dname=开发一部, loc=深圳, groups=[ERP项目组, CRM项目组]]
2018-12-11 23:20:40,253 INFO [org.springframework.context.support.ClassPathXmlApplicationContext] - Refreshing org.springframework.context.support.ClassPathXmlApplicationContext@25618e91: startup date [Tue Dec 11 23:20:40 CST 2018]; root of context hierarchy
2018-12-11 23:20:40,490 INFO [org.springframework.beans.factory.xml.XmlBeanDefinitionReader] - Loading XML bean definitions from class path resource [applicationContext.xml]
2018-12-11 23:20:41,754 INFO [cn.mldn.test.TestMessage] - Dept [deptno=10, dname=开发一部, loc=深圳, groups=[ERP项目组, CRM项目组]]
2018-12-11 23:22:39,282 INFO [org.springframework.context.support.ClassPathXmlApplicationContext] - Refreshing org.springframework.context.support.ClassPathXmlApplicationContext@25618e91: startup date [Tue Dec 11 23:22:39 CST 2018]; root of context hierarchy
2018-12-11 23:22:39,499 INFO [org.springframework.beans.factory.xml.XmlBeanDefinitionReader] - Loading XML bean definitions from class path resource [applicationContext.xml]
2018-12-11 23:22:40,745 INFO [cn.mldn.test.TestMessage] - java.util.ArrayList
2018-12-11 23:24:23,323 INFO [org.springframework.context.support.ClassPathXmlApplicationContext] - Refreshing org.springframework.context.support.ClassPathXmlApplicationContext@25618e91: startup date [Tue Dec 11 23:24:23 CST 2018]; root of context hierarchy
2018-12-11 23:24:23,680 INFO [org.springframework.beans.factory.xml.XmlBeanDefinitionReader] - Loading XML bean definitions from class path resource [applicationContext.xml]
2018-12-11 23:24:25,276 INFO [cn.mldn.test.TestMessage] - java.util.LinkedHashSet
2018-12-11 23:30:40,017 INFO [org.springframework.context.support.ClassPathXmlApplicationContext] - Refreshing org.springframework.context.support.ClassPathXmlApplicationContext@483bf400: startup date [Tue Dec 11 23:30:40 CST 2018]; root of context hierarchy
2018-12-11 23:30:40,292 INFO [org.springframework.beans.factory.xml.XmlBeanDefinitionReader] - Loading XML bean definitions from class path resource [applicationContext.xml]
2018-12-11 23:30:41,565 INFO [cn.mldn.test.TestMessage] - Emp [empno=7369, ename=Smith, sal=680.0, dept=Dept [deptno=10, dname=开发一部, loc=深圳, groups={110=ERP项目组, 120=CRM项目组}]]
2018-12-11 23:30:41,573 INFO [cn.mldn.test.TestMessage] - www.xiaoxian.com
2018-12-11 23:30:41,578 INFO [cn.mldn.test.TestMessage] - java.util.LinkedHashMap
2018-12-11 23:38:31,007 INFO [org.springframework.context.support.ClassPathXmlApplicationContext] - Refreshing org.springframework.context.support.ClassPathXmlApplicationContext@25618e91: startup date [Tue Dec 11 23:38:30 CST 2018]; root of context hierarchy
2018-12-11 23:38:31,379 INFO [org.springframework.beans.factory.xml.XmlBeanDefinitionReader] - Loading XML bean definitions from class path resource [applicationContext.xml]
2018-12-11 23:38:32,766 INFO [cn.mldn.test.TestMessage] - Dept [deptno=10, dname=开发一部, loc=深圳, groups={110=ERP项目组, 120=CRM项目组}]
2018-12-11 23:38:32,767 INFO [cn.mldn.test.TestMessage] - java.util.Properties
2018-12-11 23:45:24,861 INFO [org.springframework.context.support.ClassPathXmlApplicationContext] - Refreshing org.springframework.context.support.ClassPathXmlApplicationContext@25618e91: startup date [Tue Dec 11 23:45:24 CST 2018]; root of context hierarchy
2018-12-11 23:45:25,127 INFO [org.springframework.beans.factory.xml.XmlBeanDefinitionReader] - Loading XML bean definitions from class path resource [applicationContext.xml]
2018-12-11 23:45:26,336 INFO [cn.mldn.test.TestMessage] - Dept [deptno=10, dname=开发一部, loc=深圳, emps=[Emp [empno=7369, ename=Smith, sal=680.0, dept=null], Emp [empno=7344, ename=Allen, sal=7866.0, dept=null]]]
2018-12-12 23:26:16,675 INFO [org.springframework.context.support.ClassPathXmlApplicationContext] - Refreshing org.springframework.context.support.ClassPathXmlApplicationContext@25618e91: startup date [Wed Dec 12 23:26:16 CST 2018]; root of context hierarchy
2018-12-12 23:26:16,871 INFO [org.springframework.beans.factory.xml.XmlBeanDefinitionReader] - Loading XML bean definitions from class path resource [applicationContext.xml]
2018-12-12 23:29:15,849 INFO [org.springframework.context.support.ClassPathXmlApplicationContext] - Refreshing org.springframework.context.support.ClassPathXmlApplicationContext@483bf400: startup date [Wed Dec 12 23:29:15 CST 2018]; root of context hierarchy
2018-12-12 23:29:16,143 INFO [org.springframework.beans.factory.xml.XmlBeanDefinitionReader] - Loading XML bean definitions from class path resource [applicationContext.xml]
2018-12-12 23:29:17,794 INFO [cn.mldn.test.TestMessage] - Emp [empno=7369, ename=Smith, sal=680.0, dept=null]
2018-12-12 23:29:17,805 INFO [cn.mldn.test.TestMessage] - www.xiaoxian.com
2018-12-12 23:29:17,822 INFO [cn.mldn.test.TestMessage] - Dept [deptno=10, dname=开发一部, loc=深圳, emps=[Emp [empno=7369, ename=Smith, sal=680.0, dept=null], Emp [empno=7344, ename=Allen, sal=7866.0, dept=null]]]
2018-12-12 23:29:29,894 INFO [org.springframework.context.support.ClassPathXmlApplicationContext] - Refreshing org.springframework.context.support.ClassPathXmlApplicationContext@25618e91: startup date [Wed Dec 12 23:29:29 CST 2018]; root of context hierarchy
2018-12-12 23:29:30,121 INFO [org.springframework.beans.factory.xml.XmlBeanDefinitionReader] - Loading XML bean definitions from class path resource [applicationContext.xml]
2018-12-12 23:30:56,251 INFO [org.springframework.context.support.ClassPathXmlApplicationContext] - Refreshing org.springframework.context.support.ClassPathXmlApplicationContext@25618e91: startup date [Wed Dec 12 23:30:56 CST 2018]; root of context hierarchy
2018-12-12 23:30:56,429 INFO [org.springframework.beans.factory.xml.XmlBeanDefinitionReader] - Loading XML bean definitions from class path resource [applicationContext.xml]
2018-12-12 23:30:58,012 INFO [cn.xiaoxian.dao.impl.DeptDAOImpl] - Dept [deptno=10, dname=开发一部, loc=深圳, emps=null]
2018-12-12 23:30:58,012 INFO [cn.mldn.test.TestMessage] - true
2018-12-20 23:12:58,010 INFO [org.springframework.context.support.ClassPathXmlApplicationContext] - Refreshing org.springframework.context.support.ClassPathXmlApplicationContext@ee7d9f1: startup date [Thu Dec 20 23:12:58 CST 2018]; root of context hierarchy
2018-12-20 23:12:59,489 INFO [org.springframework.beans.factory.xml.XmlBeanDefinitionReader] - Loading XML bean definitions from class path resource [applicationContext.xml]
2018-12-20 23:13:22,008 INFO [org.springframework.context.support.ClassPathXmlApplicationContext] - Refreshing org.springframework.context.support.ClassPathXmlApplicationContext@ee7d9f1: startup date [Thu Dec 20 23:13:21 CST 2018]; root of context hierarchy
2018-12-20 23:13:22,286 INFO [org.springframework.beans.factory.xml.XmlBeanDefinitionReader] - Loading XML bean definitions from class path resource [applicationContext.xml]
2018-12-20 23:14:41,926 INFO [org.springframework.context.support.ClassPathXmlApplicationContext] - Refreshing org.springframework.context.support.ClassPathXmlApplicationContext@ee7d9f1: startup date [Thu Dec 20 23:14:41 CST 2018]; root of context hierarchy
2018-12-20 23:14:42,194 INFO [org.springframework.beans.factory.xml.XmlBeanDefinitionReader] - Loading XML bean definitions from class path resource [applicationContext.xml]
2018-12-20 23:23:48,867 INFO [org.springframework.context.support.ClassPathXmlApplicationContext] - Refreshing org.springframework.context.support.ClassPathXmlApplicationContext@ee7d9f1: startup date [Thu Dec 20 23:23:48 CST 2018]; root of context hierarchy
2018-12-20 23:23:49,213 INFO [org.springframework.beans.factory.xml.XmlBeanDefinitionReader] - Loading XML bean definitions from class path resource [applicationContext.xml]
2018-12-22 23:17:04,739 INFO [org.springframework.context.support.ClassPathXmlApplicationContext] - Refreshing org.springframework.context.support.ClassPathXmlApplicationContext@ee7d9f1: startup date [Sat Dec 22 23:17:04 CST 2018]; root of context hierarchy
2018-12-22 23:17:04,998 INFO [org.springframework.beans.factory.xml.XmlBeanDefinitionReader] - Loading XML bean definitions from class path resource [applicationContext.xml]
2018-12-22 23:18:24,742 INFO [org.springframework.context.support.ClassPathXmlApplicationContext] - Refreshing org.springframework.context.support.ClassPathXmlApplicationContext@ee7d9f1: startup date [Sat Dec 22 23:18:24 CST 2018]; root of context hierarchy
2018-12-22 23:18:25,000 INFO [org.springframework.beans.factory.xml.XmlBeanDefinitionReader] - Loading XML bean definitions from class path resource [applicationContext.xml]
2018-12-23 00:11:25,227 INFO [org.springframework.context.support.ClassPathXmlApplicationContext] - Refreshing org.springframework.context.support.ClassPathXmlApplicationContext@1edf1c96: startup date [Sun Dec 23 00:11:25 CST 2018]; root of context hierarchy
2018-12-23 00:11:25,787 INFO [org.springframework.beans.factory.xml.XmlBeanDefinitionReader] - Loading XML bean definitions from class path resource [applicationContext.xml]
2018-12-23 00:11:27,317 INFO [org.quartz.impl.StdSchedulerFactory] - Using default implementation for ThreadExecutor
2018-12-23 00:11:27,353 INFO [org.quartz.core.SchedulerSignalerImpl] - Initialized Scheduler Signaller of type: class org.quartz.core.SchedulerSignalerImpl
2018-12-23 00:11:27,354 INFO [org.quartz.core.QuartzScheduler] - Quartz Scheduler v.2.2.3 created.
2018-12-23 00:11:27,357 INFO [org.quartz.simpl.RAMJobStore] - RAMJobStore initialized.
2018-12-23 00:11:27,359 INFO [org.quartz.core.QuartzScheduler] - Scheduler meta-data: Quartz Scheduler (v2.2.3) 'triggerFactory' with instanceId 'NON_CLUSTERED'
  Scheduler class: 'org.quartz.core.QuartzScheduler' - running locally.
  NOT STARTED.
  Currently in standby mode.
  Number of jobs executed: 0
  Using thread pool 'org.quartz.simpl.SimpleThreadPool' - with 10 threads.
  Using job-store 'org.quartz.simpl.RAMJobStore' - which does not support persistence. and is not clustered.

2018-12-23 00:11:27,359 INFO [org.quartz.impl.StdSchedulerFactory] - Quartz scheduler 'triggerFactory' initialized from an externally provided properties instance.
2018-12-23 00:11:27,359 INFO [org.quartz.impl.StdSchedulerFactory] - Quartz scheduler version: 2.2.3
2018-12-23 00:11:27,363 INFO [org.quartz.core.QuartzScheduler] - JobFactory set to: org.springframework.scheduling.quartz.AdaptableJobFactory@78dd667e
2018-12-23 00:11:27,580 INFO [org.springframework.context.support.DefaultLifecycleProcessor] - Starting beans in phase 2147483647
2018-12-23 00:11:27,584 INFO [org.springframework.scheduling.quartz.SchedulerFactoryBean] - Starting Quartz Scheduler now
2018-12-23 00:11:27,601 INFO [org.quartz.core.QuartzScheduler] - Scheduler triggerFactory_$_NON_CLUSTERED started.
2018-12-23 23:01:06,245 INFO [org.springframework.context.support.ClassPathXmlApplicationContext] - Refreshing org.springframework.context.support.ClassPathXmlApplicationContext@fba92d3: startup date [Sun Dec 23 23:01:06 CST 2018]; root of context hierarchy
2018-12-23 23:01:07,190 INFO [org.springframework.beans.factory.xml.XmlBeanDefinitionReader] - Loading XML bean definitions from class path resource [applicationContext.xml]
2018-12-23 23:01:09,185 INFO [org.quartz.impl.StdSchedulerFactory] - Using default implementation for ThreadExecutor
2018-12-23 23:01:09,278 INFO [org.quartz.core.SchedulerSignalerImpl] - Initialized Scheduler Signaller of type: class org.quartz.core.SchedulerSignalerImpl
2018-12-23 23:01:09,279 INFO [org.quartz.core.QuartzScheduler] - Quartz Scheduler v.2.2.3 created.
2018-12-23 23:01:09,282 INFO [org.quartz.simpl.RAMJobStore] - RAMJobStore initialized.
2018-12-23 23:01:09,284 INFO [org.quartz.core.QuartzScheduler] - Scheduler meta-data: Quartz Scheduler (v2.2.3) 'triggerFactory' with instanceId 'NON_CLUSTERED'
  Scheduler class: 'org.quartz.core.QuartzScheduler' - running locally.
  NOT STARTED.
  Currently in standby mode.
  Number of jobs executed: 0
  Using thread pool 'org.quartz.simpl.SimpleThreadPool' - with 10 threads.
  Using job-store 'org.quartz.simpl.RAMJobStore' - which does not support persistence. and is not clustered.

2018-12-23 23:01:09,284 INFO [org.quartz.impl.StdSchedulerFactory] - Quartz scheduler 'triggerFactory' initialized from an externally provided properties instance.
2018-12-23 23:01:09,285 INFO [org.quartz.impl.StdSchedulerFactory] - Quartz scheduler version: 2.2.3
2018-12-23 23:01:09,290 INFO [org.quartz.core.QuartzScheduler] - JobFactory set to: org.springframework.scheduling.quartz.AdaptableJobFactory@adc3344
2018-12-23 23:01:09,501 INFO [org.springframework.context.support.DefaultLifecycleProcessor] - Starting beans in phase 2147483647
2018-12-23 23:01:09,502 INFO [org.springframework.scheduling.quartz.SchedulerFactoryBean] - Starting Quartz Scheduler now
2018-12-23 23:01:09,517 INFO [org.quartz.core.QuartzScheduler] - Scheduler triggerFactory_$_NON_CLUSTERED started.
2018-12-24 23:23:52,857 INFO [org.springframework.context.support.ClassPathXmlApplicationContext] - Refreshing org.springframework.context.support.ClassPathXmlApplicationContext@1edf1c96: startup date [Mon Dec 24 23:23:52 CST 2018]; root of context hierarchy
2018-12-24 23:23:53,279 INFO [org.springframework.beans.factory.xml.XmlBeanDefinitionReader] - Loading XML bean definitions from class path resource [applicationContext.xml]
2018-12-24 23:23:55,126 INFO [org.quartz.impl.StdSchedulerFactory] - Using default implementation for ThreadExecutor
2018-12-24 23:23:55,166 INFO [org.quartz.core.SchedulerSignalerImpl] - Initialized Scheduler Signaller of type: class org.quartz.core.SchedulerSignalerImpl
2018-12-24 23:23:55,167 INFO [org.quartz.core.QuartzScheduler] - Quartz Scheduler v.2.2.3 created.
2018-12-24 23:23:55,169 INFO [org.quartz.simpl.RAMJobStore] - RAMJobStore initialized.
2018-12-24 23:23:55,171 INFO [org.quartz.core.QuartzScheduler] - Scheduler meta-data: Quartz Scheduler (v2.2.3) 'triggerFactory' with instanceId 'NON_CLUSTERED'
  Scheduler class: 'org.quartz.core.QuartzScheduler' - running locally.
  NOT STARTED.
  Currently in standby mode.
  Number of jobs executed: 0
  Using thread pool 'org.quartz.simpl.SimpleThreadPool' - with 10 threads.
  Using job-store 'org.quartz.simpl.RAMJobStore' - which does not support persistence. and is not clustered.

2018-12-24 23:23:55,171 INFO [org.quartz.impl.StdSchedulerFactory] - Quartz scheduler 'triggerFactory' initialized from an externally provided properties instance.
2018-12-24 23:23:55,171 INFO [org.quartz.impl.StdSchedulerFactory] - Quartz scheduler version: 2.2.3
2018-12-24 23:23:55,176 INFO [org.quartz.core.QuartzScheduler] - JobFactory set to: org.springframework.scheduling.quartz.AdaptableJobFactory@38c5cc4c
2018-12-24 23:23:55,179 WARN [org.springframework.context.support.ClassPathXmlApplicationContext] - Exception encountered during context initialization - cancelling refresh attempt: org.springframework.beans.factory.BeanCreationException: Error creating bean with name 'triggerFactory' defined in class path resource [applicationContext.xml]: Invocation of init method failed; nested exception is org.quartz.SchedulerException: Trigger's related Job's name cannot be null
2018-12-24 23:25:27,493 INFO [org.springframework.context.support.ClassPathXmlApplicationContext] - Refreshing org.springframework.context.support.ClassPathXmlApplicationContext@1edf1c96: startup date [Mon Dec 24 23:25:27 CST 2018]; root of context hierarchy
2018-12-24 23:25:27,798 INFO [org.springframework.beans.factory.xml.XmlBeanDefinitionReader] - Loading XML bean definitions from class path resource [applicationContext.xml]
2018-12-24 23:25:29,526 INFO [org.quartz.impl.StdSchedulerFactory] - Using default implementation for ThreadExecutor
2018-12-24 23:25:29,562 INFO [org.quartz.core.SchedulerSignalerImpl] - Initialized Scheduler Signaller of type: class org.quartz.core.SchedulerSignalerImpl
2018-12-24 23:25:29,562 INFO [org.quartz.core.QuartzScheduler] - Quartz Scheduler v.2.2.3 created.
2018-12-24 23:25:29,565 INFO [org.quartz.simpl.RAMJobStore] - RAMJobStore initialized.
2018-12-24 23:25:29,566 INFO [org.quartz.core.QuartzScheduler] - Scheduler meta-data: Quartz Scheduler (v2.2.3) 'triggerFactory' with instanceId 'NON_CLUSTERED'
  Scheduler class: 'org.quartz.core.QuartzScheduler' - running locally.
  NOT STARTED.
  Currently in standby mode.
  Number of jobs executed: 0
  Using thread pool 'org.quartz.simpl.SimpleThreadPool' - with 10 threads.
  Using job-store 'org.quartz.simpl.RAMJobStore' - which does not support persistence. and is not clustered.

2018-12-24 23:25:29,567 INFO [org.quartz.impl.StdSchedulerFactory] - Quartz scheduler 'triggerFactory' initialized from an externally provided properties instance.
2018-12-24 23:25:29,567 INFO [org.quartz.impl.StdSchedulerFactory] - Quartz scheduler version: 2.2.3
2018-12-24 23:25:29,571 INFO [org.quartz.core.QuartzScheduler] - JobFactory set to: org.springframework.scheduling.quartz.AdaptableJobFactory@38c5cc4c
2018-12-24 23:25:29,573 WARN [org.springframework.context.support.ClassPathXmlApplicationContext] - Exception encountered during context initialization - cancelling refresh attempt: org.springframework.beans.factory.BeanCreationException: Error creating bean with name 'triggerFactory' defined in class path resource [applicationContext.xml]: Invocation of init method failed; nested exception is org.quartz.SchedulerException: Trigger's related Job's name cannot be null
2018-12-24 23:28:34,270 INFO [org.springframework.context.support.ClassPathXmlApplicationContext] - Refreshing org.springframework.context.support.ClassPathXmlApplicationContext@1edf1c96: startup date [Mon Dec 24 23:28:34 CST 2018]; root of context hierarchy
2018-12-24 23:28:34,510 INFO [org.springframework.beans.factory.xml.XmlBeanDefinitionReader] - Loading XML bean definitions from class path resource [applicationContext.xml]
2018-12-24 23:28:36,271 INFO [org.quartz.impl.StdSchedulerFactory] - Using default implementation for ThreadExecutor
2018-12-24 23:28:36,306 INFO [org.quartz.core.SchedulerSignalerImpl] - Initialized Scheduler Signaller of type: class org.quartz.core.SchedulerSignalerImpl
2018-12-24 23:28:36,307 INFO [org.quartz.core.QuartzScheduler] - Quartz Scheduler v.2.2.3 created.
2018-12-24 23:28:36,309 INFO [org.quartz.simpl.RAMJobStore] - RAMJobStore initialized.
2018-12-24 23:28:36,311 INFO [org.quartz.core.QuartzScheduler] - Scheduler meta-data: Quartz Scheduler (v2.2.3) 'triggerFactory' with instanceId 'NON_CLUSTERED'
  Scheduler class: 'org.quartz.core.QuartzScheduler' - running locally.
  NOT STARTED.
  Currently in standby mode.
  Number of jobs executed: 0
  Using thread pool 'org.quartz.simpl.SimpleThreadPool' - with 10 threads.
  Using job-store 'org.quartz.simpl.RAMJobStore' - which does not support persistence. and is not clustered.

2018-12-24 23:28:36,311 INFO [org.quartz.impl.StdSchedulerFactory] - Quartz scheduler 'triggerFactory' initialized from an externally provided properties instance.
2018-12-24 23:28:36,312 INFO [org.quartz.impl.StdSchedulerFactory] - Quartz scheduler version: 2.2.3
2018-12-24 23:28:36,315 INFO [org.quartz.core.QuartzScheduler] - JobFactory set to: org.springframework.scheduling.quartz.AdaptableJobFactory@38c5cc4c
2018-12-24 23:28:36,470 INFO [org.springframework.context.support.DefaultLifecycleProcessor] - Starting beans in phase 2147483647
2018-12-24 23:28:36,470 INFO [org.springframework.scheduling.quartz.SchedulerFactoryBean] - Starting Quartz Scheduler now
2018-12-24 23:28:36,471 INFO [org.quartz.core.QuartzScheduler] - Scheduler triggerFactory_$_NON_CLUSTERED started.
2018-12-24 23:31:29,501 INFO [org.springframework.context.support.ClassPathXmlApplicationContext] - Refreshing org.springframework.context.support.ClassPathXmlApplicationContext@1edf1c96: startup date [Mon Dec 24 23:31:29 CST 2018]; root of context hierarchy
2018-12-24 23:31:29,770 INFO [org.springframework.beans.factory.xml.XmlBeanDefinitionReader] - Loading XML bean definitions from class path resource [applicationContext.xml]
2018-12-24 23:31:31,558 INFO [org.quartz.impl.StdSchedulerFactory] - Using default implementation for ThreadExecutor
2018-12-24 23:31:31,598 INFO [org.quartz.core.SchedulerSignalerImpl] - Initialized Scheduler Signaller of type: class org.quartz.core.SchedulerSignalerImpl
2018-12-24 23:31:31,598 INFO [org.quartz.core.QuartzScheduler] - Quartz Scheduler v.2.2.3 created.
2018-12-24 23:31:31,602 INFO [org.quartz.simpl.RAMJobStore] - RAMJobStore initialized.
2018-12-24 23:31:31,603 INFO [org.quartz.core.QuartzScheduler] - Scheduler meta-data: Quartz Scheduler (v2.2.3) 'triggerFactory' with instanceId 'NON_CLUSTERED'
  Scheduler class: 'org.quartz.core.QuartzScheduler' - running locally.
  NOT STARTED.
  Currently in standby mode.
  Number of jobs executed: 0
  Using thread pool 'org.quartz.simpl.SimpleThreadPool' - with 10 threads.
  Using job-store 'org.quartz.simpl.RAMJobStore' - which does not support persistence. and is not clustered.

2018-12-24 23:31:31,604 INFO [org.quartz.impl.StdSchedulerFactory] - Quartz scheduler 'triggerFactory' initialized from an externally provided properties instance.
2018-12-24 23:31:31,604 INFO [org.quartz.impl.StdSchedulerFactory] - Quartz scheduler version: 2.2.3
2018-12-24 23:31:31,607 INFO [org.quartz.core.QuartzScheduler] - JobFactory set to: org.springframework.scheduling.quartz.AdaptableJobFactory@38c5cc4c
2018-12-24 23:31:31,763 INFO [org.springframework.context.support.DefaultLifecycleProcessor] - Starting beans in phase 2147483647
2018-12-24 23:31:31,764 INFO [org.springframework.scheduling.quartz.SchedulerFactoryBean] - Starting Quartz Scheduler now
2018-12-24 23:31:31,764 INFO [org.quartz.core.QuartzScheduler] - Scheduler triggerFactory_$_NON_CLUSTERED started.
